<?xml version="1.0" encoding="UTF-8"?>
<coverage generated="1526159370839" clover="3.2.0">
  <project timestamp="1526159370840" name="All files">
    <metrics statements="135" coveredstatements="124" conditionals="3" coveredconditionals="1" methods="21" coveredmethods="7" elements="159" coveredelements="132" complexity="0" loc="135" ncloc="135" packages="3" files="5" classes="5">
      <package name="components.Squares">
        <metrics statements="1" coveredstatements="1" conditionals="0" coveredconditionals="0" methods="1" coveredmethods="1"/>
        <file name="square.js" path="/Users/leongaban/projects/Futuratum/moon.holdings/app/components/Squares/square.js">
          <metrics statements="1" coveredstatements="1" conditionals="0" coveredconditionals="0" methods="1" coveredmethods="1"/>
          <line num="8" count="1" type="stmt"/>
        </file>
      </package>
      <package name="styles">
        <metrics statements="100" coveredstatements="100" conditionals="0" coveredconditionals="0" methods="0" coveredmethods="0"/>
        <file name="coins.js" path="/Users/leongaban/projects/Futuratum/moon.holdings/app/styles/coins.js">
          <metrics statements="100" coveredstatements="100" conditionals="0" coveredconditionals="0" methods="0" coveredmethods="0"/>
          <line num="1" count="1" type="stmt"/>
          <line num="6" count="1" type="stmt"/>
          <line num="11" count="1" type="stmt"/>
          <line num="16" count="1" type="stmt"/>
          <line num="21" count="1" type="stmt"/>
          <line num="26" count="1" type="stmt"/>
          <line num="31" count="1" type="stmt"/>
          <line num="36" count="1" type="stmt"/>
          <line num="41" count="1" type="stmt"/>
          <line num="46" count="1" type="stmt"/>
          <line num="51" count="1" type="stmt"/>
          <line num="56" count="1" type="stmt"/>
          <line num="61" count="1" type="stmt"/>
          <line num="66" count="1" type="stmt"/>
          <line num="71" count="1" type="stmt"/>
          <line num="76" count="1" type="stmt"/>
          <line num="81" count="1" type="stmt"/>
          <line num="86" count="1" type="stmt"/>
          <line num="91" count="1" type="stmt"/>
          <line num="96" count="1" type="stmt"/>
          <line num="101" count="1" type="stmt"/>
          <line num="106" count="1" type="stmt"/>
          <line num="111" count="1" type="stmt"/>
          <line num="116" count="1" type="stmt"/>
          <line num="121" count="1" type="stmt"/>
          <line num="126" count="1" type="stmt"/>
          <line num="131" count="1" type="stmt"/>
          <line num="136" count="1" type="stmt"/>
          <line num="141" count="1" type="stmt"/>
          <line num="146" count="1" type="stmt"/>
          <line num="151" count="1" type="stmt"/>
          <line num="156" count="1" type="stmt"/>
          <line num="161" count="1" type="stmt"/>
          <line num="166" count="1" type="stmt"/>
          <line num="171" count="1" type="stmt"/>
          <line num="176" count="1" type="stmt"/>
          <line num="181" count="1" type="stmt"/>
          <line num="186" count="1" type="stmt"/>
          <line num="191" count="1" type="stmt"/>
          <line num="196" count="1" type="stmt"/>
          <line num="201" count="1" type="stmt"/>
          <line num="206" count="1" type="stmt"/>
          <line num="211" count="1" type="stmt"/>
          <line num="216" count="1" type="stmt"/>
          <line num="221" count="1" type="stmt"/>
          <line num="226" count="1" type="stmt"/>
          <line num="231" count="1" type="stmt"/>
          <line num="236" count="1" type="stmt"/>
          <line num="241" count="1" type="stmt"/>
          <line num="246" count="1" type="stmt"/>
          <line num="251" count="1" type="stmt"/>
          <line num="256" count="1" type="stmt"/>
          <line num="261" count="1" type="stmt"/>
          <line num="266" count="1" type="stmt"/>
          <line num="271" count="1" type="stmt"/>
          <line num="276" count="1" type="stmt"/>
          <line num="281" count="1" type="stmt"/>
          <line num="286" count="1" type="stmt"/>
          <line num="291" count="1" type="stmt"/>
          <line num="296" count="1" type="stmt"/>
          <line num="301" count="1" type="stmt"/>
          <line num="306" count="1" type="stmt"/>
          <line num="311" count="1" type="stmt"/>
          <line num="316" count="1" type="stmt"/>
          <line num="321" count="1" type="stmt"/>
          <line num="326" count="1" type="stmt"/>
          <line num="331" count="1" type="stmt"/>
          <line num="336" count="1" type="stmt"/>
          <line num="341" count="1" type="stmt"/>
          <line num="346" count="1" type="stmt"/>
          <line num="351" count="1" type="stmt"/>
          <line num="356" count="1" type="stmt"/>
          <line num="361" count="1" type="stmt"/>
          <line num="366" count="1" type="stmt"/>
          <line num="371" count="1" type="stmt"/>
          <line num="376" count="1" type="stmt"/>
          <line num="381" count="1" type="stmt"/>
          <line num="386" count="1" type="stmt"/>
          <line num="391" count="1" type="stmt"/>
          <line num="396" count="1" type="stmt"/>
          <line num="401" count="1" type="stmt"/>
          <line num="406" count="1" type="stmt"/>
          <line num="411" count="1" type="stmt"/>
          <line num="416" count="1" type="stmt"/>
          <line num="421" count="1" type="stmt"/>
          <line num="426" count="1" type="stmt"/>
          <line num="431" count="1" type="stmt"/>
          <line num="436" count="1" type="stmt"/>
          <line num="441" count="1" type="stmt"/>
          <line num="446" count="1" type="stmt"/>
          <line num="451" count="1" type="stmt"/>
          <line num="456" count="1" type="stmt"/>
          <line num="461" count="1" type="stmt"/>
          <line num="466" count="1" type="stmt"/>
          <line num="471" count="1" type="stmt"/>
          <line num="476" count="1" type="stmt"/>
          <line num="481" count="1" type="stmt"/>
          <line num="486" count="1" type="stmt"/>
          <line num="491" count="1" type="stmt"/>
          <line num="496" count="1" type="stmt"/>
        </file>
      </package>
      <package name="utils">
        <metrics statements="34" coveredstatements="23" conditionals="3" coveredconditionals="1" methods="20" coveredmethods="6"/>
        <file name="math.js" path="/Users/leongaban/projects/Futuratum/moon.holdings/app/utils/math.js">
          <metrics statements="12" coveredstatements="8" conditionals="0" coveredconditionals="0" methods="11" coveredmethods="2"/>
          <line num="2" count="1" type="stmt"/>
          <line num="5" count="1" type="stmt"/>
          <line num="7" count="1" type="stmt"/>
          <line num="9" count="1" type="stmt"/>
          <line num="11" count="1" type="stmt"/>
          <line num="13" count="1" type="stmt"/>
          <line num="14" count="0" type="stmt"/>
          <line num="15" count="0" type="stmt"/>
          <line num="16" count="0" type="stmt"/>
          <line num="19" count="1" type="stmt"/>
          <line num="21" count="1" type="stmt"/>
          <line num="22" count="0" type="stmt"/>
        </file>
        <file name="modifiers.js" path="/Users/leongaban/projects/Futuratum/moon.holdings/app/utils/modifiers.js">
          <metrics statements="12" coveredstatements="6" conditionals="3" coveredconditionals="1" methods="5" coveredmethods="1"/>
          <line num="10" count="1" type="stmt"/>
          <line num="11" count="0" type="stmt"/>
          <line num="14" count="1" type="stmt"/>
          <line num="15" count="0" type="stmt"/>
          <line num="16" count="0" type="stmt"/>
          <line num="19" count="1" type="stmt"/>
          <line num="20" count="0" type="stmt"/>
          <line num="26" count="1" type="stmt"/>
          <line num="27" count="1" type="cond" truecount="1" falsecount="2"/>
          <line num="28" count="0" type="stmt"/>
          <line num="29" count="0" type="stmt"/>
          <line num="30" count="1" type="stmt"/>
        </file>
        <file name="tests.js" path="/Users/leongaban/projects/Futuratum/moon.holdings/app/utils/tests.js">
          <metrics statements="10" coveredstatements="9" conditionals="0" coveredconditionals="0" methods="4" coveredmethods="3"/>
          <line num="6" count="1" type="stmt"/>
          <line num="19" count="1" type="stmt"/>
          <line num="20" count="1" type="stmt"/>
          <line num="21" count="1" type="stmt"/>
          <line num="23" count="1" type="stmt"/>
          <line num="24" count="1" type="stmt"/>
          <line num="25" count="1" type="stmt"/>
          <line num="26" count="1" type="stmt"/>
          <line num="31" count="1" type="stmt"/>
          <line num="32" count="0" type="stmt"/>
        </file>
      </package>
    </metrics>
  </project>
</coverage>
