{"/Users/leongaban/projects/Futuratum/moon.holdings/app/components/Squares/square.js": {"path":"/Users/leongaban/projects/Futuratum/moon.holdings/app/components/Squares/square.js","statementMap":{"0":{"start":{"line":8,"column":2},"end":{"line":15,"column":7}}},"fnMap":{"0":{"name":"(anonymous_0)","decl":{"start":{"line":7,"column":15},"end":{"line":7,"column":16}},"loc":{"start":{"line":8,"column":2},"end":{"line":15,"column":7}},"line":8}},"branchMap":{},"s":{"0":1},"f":{"0":1},"b":{},"_coverageSchema":"332fd63041d2c1bcb487cc26dd0d5f7d97098a6c","hash":"fe17c116122bd3693122f571424fd439cce2a9a4"}
,"/Users/leongaban/projects/Futuratum/moon.holdings/app/styles/coins.js": {"path":"/Users/leongaban/projects/Futuratum/moon.holdings/app/styles/coins.js","statementMap":{"0":{"start":{"line":1,"column":23},"end":{"line":4,"column":1}},"1":{"start":{"line":6,"column":24},"end":{"line":9,"column":1}},"2":{"start":{"line":11,"column":22},"end":{"line":14,"column":1}},"3":{"start":{"line":16,"column":27},"end":{"line":19,"column":1}},"4":{"start":{"line":21,"column":24},"end":{"line":24,"column":1}},"5":{"start":{"line":26,"column":19},"end":{"line":29,"column":1}},"6":{"start":{"line":31,"column":23},"end":{"line":34,"column":1}},"7":{"start":{"line":36,"column":23},"end":{"line":39,"column":1}},"8":{"start":{"line":41,"column":19},"end":{"line":44,"column":1}},"9":{"start":{"line":46,"column":20},"end":{"line":49,"column":1}},"10":{"start":{"line":51,"column":20},"end":{"line":54,"column":1}},"11":{"start":{"line":56,"column":22},"end":{"line":59,"column":1}},"12":{"start":{"line":61,"column":20},"end":{"line":64,"column":1}},"13":{"start":{"line":66,"column":19},"end":{"line":69,"column":1}},"14":{"start":{"line":71,"column":22},"end":{"line":74,"column":1}},"15":{"start":{"line":76,"column":31},"end":{"line":79,"column":1}},"16":{"start":{"line":81,"column":23},"end":{"line":84,"column":1}},"17":{"start":{"line":86,"column":20},"end":{"line":89,"column":1}},"18":{"start":{"line":91,"column":20},"end":{"line":94,"column":1}},"19":{"start":{"line":96,"column":27},"end":{"line":99,"column":1}},"20":{"start":{"line":101,"column":20},"end":{"line":104,"column":1}},"21":{"start":{"line":106,"column":23},"end":{"line":109,"column":1}},"22":{"start":{"line":111,"column":20},"end":{"line":114,"column":1}},"23":{"start":{"line":116,"column":27},"end":{"line":119,"column":1}},"24":{"start":{"line":121,"column":21},"end":{"line":124,"column":1}},"25":{"start":{"line":126,"column":24},"end":{"line":129,"column":1}},"26":{"start":{"line":131,"column":21},"end":{"line":134,"column":1}},"27":{"start":{"line":136,"column":24},"end":{"line":139,"column":1}},"28":{"start":{"line":141,"column":19},"end":{"line":144,"column":1}},"29":{"start":{"line":146,"column":21},"end":{"line":149,"column":1}},"30":{"start":{"line":151,"column":23},"end":{"line":154,"column":1}},"31":{"start":{"line":156,"column":24},"end":{"line":159,"column":1}},"32":{"start":{"line":161,"column":21},"end":{"line":164,"column":1}},"33":{"start":{"line":166,"column":25},"end":{"line":169,"column":1}},"34":{"start":{"line":171,"column":21},"end":{"line":174,"column":1}},"35":{"start":{"line":176,"column":26},"end":{"line":179,"column":1}},"36":{"start":{"line":181,"column":22},"end":{"line":184,"column":1}},"37":{"start":{"line":186,"column":24},"end":{"line":189,"column":1}},"38":{"start":{"line":191,"column":25},"end":{"line":194,"column":1}},"39":{"start":{"line":196,"column":21},"end":{"line":199,"column":1}},"40":{"start":{"line":201,"column":21},"end":{"line":204,"column":1}},"41":{"start":{"line":206,"column":22},"end":{"line":209,"column":1}},"42":{"start":{"line":211,"column":22},"end":{"line":214,"column":1}},"43":{"start":{"line":216,"column":27},"end":{"line":219,"column":1}},"44":{"start":{"line":221,"column":23},"end":{"line":224,"column":1}},"45":{"start":{"line":226,"column":24},"end":{"line":229,"column":1}},"46":{"start":{"line":231,"column":22},"end":{"line":234,"column":1}},"47":{"start":{"line":236,"column":20},"end":{"line":239,"column":1}},"48":{"start":{"line":241,"column":19},"end":{"line":244,"column":1}},"49":{"start":{"line":246,"column":19},"end":{"line":249,"column":1}},"50":{"start":{"line":251,"column":22},"end":{"line":254,"column":1}},"51":{"start":{"line":256,"column":21},"end":{"line":259,"column":1}},"52":{"start":{"line":261,"column":23},"end":{"line":264,"column":1}},"53":{"start":{"line":266,"column":25},"end":{"line":269,"column":1}},"54":{"start":{"line":271,"column":28},"end":{"line":274,"column":1}},"55":{"start":{"line":276,"column":20},"end":{"line":279,"column":1}},"56":{"start":{"line":281,"column":24},"end":{"line":284,"column":1}},"57":{"start":{"line":286,"column":24},"end":{"line":289,"column":1}},"58":{"start":{"line":291,"column":23},"end":{"line":294,"column":1}},"59":{"start":{"line":296,"column":20},"end":{"line":299,"column":1}},"60":{"start":{"line":301,"column":21},"end":{"line":304,"column":1}},"61":{"start":{"line":306,"column":21},"end":{"line":309,"column":1}},"62":{"start":{"line":311,"column":35},"end":{"line":314,"column":1}},"63":{"start":{"line":316,"column":19},"end":{"line":319,"column":1}},"64":{"start":{"line":321,"column":24},"end":{"line":324,"column":1}},"65":{"start":{"line":326,"column":21},"end":{"line":329,"column":1}},"66":{"start":{"line":331,"column":27},"end":{"line":334,"column":1}},"67":{"start":{"line":336,"column":22},"end":{"line":339,"column":1}},"68":{"start":{"line":341,"column":23},"end":{"line":344,"column":1}},"69":{"start":{"line":346,"column":23},"end":{"line":349,"column":1}},"70":{"start":{"line":351,"column":27},"end":{"line":354,"column":1}},"71":{"start":{"line":356,"column":28},"end":{"line":359,"column":1}},"72":{"start":{"line":361,"column":22},"end":{"line":364,"column":1}},"73":{"start":{"line":366,"column":20},"end":{"line":369,"column":1}},"74":{"start":{"line":371,"column":20},"end":{"line":374,"column":1}},"75":{"start":{"line":376,"column":21},"end":{"line":379,"column":1}},"76":{"start":{"line":381,"column":23},"end":{"line":384,"column":1}},"77":{"start":{"line":386,"column":30},"end":{"line":389,"column":1}},"78":{"start":{"line":391,"column":24},"end":{"line":394,"column":1}},"79":{"start":{"line":396,"column":22},"end":{"line":399,"column":1}},"80":{"start":{"line":401,"column":19},"end":{"line":404,"column":1}},"81":{"start":{"line":406,"column":29},"end":{"line":409,"column":1}},"82":{"start":{"line":411,"column":22},"end":{"line":414,"column":1}},"83":{"start":{"line":416,"column":25},"end":{"line":419,"column":1}},"84":{"start":{"line":421,"column":19},"end":{"line":424,"column":1}},"85":{"start":{"line":426,"column":24},"end":{"line":429,"column":1}},"86":{"start":{"line":431,"column":20},"end":{"line":434,"column":1}},"87":{"start":{"line":436,"column":27},"end":{"line":439,"column":1}},"88":{"start":{"line":441,"column":28},"end":{"line":444,"column":1}},"89":{"start":{"line":446,"column":29},"end":{"line":449,"column":1}},"90":{"start":{"line":451,"column":25},"end":{"line":454,"column":1}},"91":{"start":{"line":456,"column":20},"end":{"line":459,"column":1}},"92":{"start":{"line":461,"column":21},"end":{"line":464,"column":1}},"93":{"start":{"line":466,"column":20},"end":{"line":469,"column":1}},"94":{"start":{"line":471,"column":22},"end":{"line":474,"column":1}},"95":{"start":{"line":476,"column":23},"end":{"line":479,"column":1}},"96":{"start":{"line":481,"column":25},"end":{"line":484,"column":1}},"97":{"start":{"line":486,"column":24},"end":{"line":489,"column":1}},"98":{"start":{"line":491,"column":21},"end":{"line":494,"column":1}},"99":{"start":{"line":496,"column":23},"end":{"line":499,"column":1}}},"fnMap":{},"branchMap":{},"s":{"0":1,"1":1,"2":1,"3":1,"4":1,"5":1,"6":1,"7":1,"8":1,"9":1,"10":1,"11":1,"12":1,"13":1,"14":1,"15":1,"16":1,"17":1,"18":1,"19":1,"20":1,"21":1,"22":1,"23":1,"24":1,"25":1,"26":1,"27":1,"28":1,"29":1,"30":1,"31":1,"32":1,"33":1,"34":1,"35":1,"36":1,"37":1,"38":1,"39":1,"40":1,"41":1,"42":1,"43":1,"44":1,"45":1,"46":1,"47":1,"48":1,"49":1,"50":1,"51":1,"52":1,"53":1,"54":1,"55":1,"56":1,"57":1,"58":1,"59":1,"60":1,"61":1,"62":1,"63":1,"64":1,"65":1,"66":1,"67":1,"68":1,"69":1,"70":1,"71":1,"72":1,"73":1,"74":1,"75":1,"76":1,"77":1,"78":1,"79":1,"80":1,"81":1,"82":1,"83":1,"84":1,"85":1,"86":1,"87":1,"88":1,"89":1,"90":1,"91":1,"92":1,"93":1,"94":1,"95":1,"96":1,"97":1,"98":1,"99":1},"f":{},"b":{},"_coverageSchema":"332fd63041d2c1bcb487cc26dd0d5f7d97098a6c","hash":"13b2db42ed590644d774bcd9bfe2e1da8a9bb12e"}
,"/Users/leongaban/projects/Futuratum/moon.holdings/app/utils/math.js": {"path":"/Users/leongaban/projects/Futuratum/moon.holdings/app/utils/math.js","statementMap":{"0":{"start":{"line":2,"column":14},"end":{"line":2,"column":50}},"1":{"start":{"line":2,"column":22},"end":{"line":2,"column":49}},"2":{"start":{"line":5,"column":21},"end":{"line":5,"column":61}},"3":{"start":{"line":5,"column":30},"end":{"line":5,"column":61}},"4":{"start":{"line":7,"column":24},"end":{"line":7,"column":51}},"5":{"start":{"line":7,"column":40},"end":{"line":7,"column":51}},"6":{"start":{"line":9,"column":23},"end":{"line":9,"column":87}},"7":{"start":{"line":9,"column":46},"end":{"line":9,"column":87}},"8":{"start":{"line":11,"column":32},"end":{"line":11,"column":87}},"9":{"start":{"line":11,"column":37},"end":{"line":11,"column":87}},"10":{"start":{"line":13,"column":25},"end":{"line":17,"column":1}},"11":{"start":{"line":14,"column":17},"end":{"line":14,"column":49}},"12":{"start":{"line":14,"column":37},"end":{"line":14,"column":48}},"13":{"start":{"line":15,"column":16},"end":{"line":15,"column":61}},"14":{"start":{"line":15,"column":46},"end":{"line":15,"column":57}},"15":{"start":{"line":16,"column":2},"end":{"line":16,"column":40}},"16":{"start":{"line":19,"column":32},"end":{"line":19,"column":76}},"17":{"start":{"line":19,"column":40},"end":{"line":19,"column":76}},"18":{"start":{"line":21,"column":32},"end":{"line":22,"column":80}},"19":{"start":{"line":22,"column":2},"end":{"line":22,"column":80}},"20":{"start":{"line":22,"column":54},"end":{"line":22,"column":73}}},"fnMap":{"0":{"name":"(anonymous_0)","decl":{"start":{"line":2,"column":14},"end":{"line":2,"column":15}},"loc":{"start":{"line":2,"column":22},"end":{"line":2,"column":49}},"line":2},"1":{"name":"(anonymous_1)","decl":{"start":{"line":5,"column":21},"end":{"line":5,"column":22}},"loc":{"start":{"line":5,"column":30},"end":{"line":5,"column":61}},"line":5},"2":{"name":"(anonymous_2)","decl":{"start":{"line":7,"column":24},"end":{"line":7,"column":25}},"loc":{"start":{"line":7,"column":40},"end":{"line":7,"column":51}},"line":7},"3":{"name":"(anonymous_3)","decl":{"start":{"line":9,"column":23},"end":{"line":9,"column":24}},"loc":{"start":{"line":9,"column":46},"end":{"line":9,"column":87}},"line":9},"4":{"name":"(anonymous_4)","decl":{"start":{"line":11,"column":32},"end":{"line":11,"column":33}},"loc":{"start":{"line":11,"column":37},"end":{"line":11,"column":87}},"line":11},"5":{"name":"(anonymous_5)","decl":{"start":{"line":13,"column":25},"end":{"line":13,"column":26}},"loc":{"start":{"line":13,"column":37},"end":{"line":17,"column":1}},"line":13},"6":{"name":"(anonymous_6)","decl":{"start":{"line":14,"column":28},"end":{"line":14,"column":29}},"loc":{"start":{"line":14,"column":37},"end":{"line":14,"column":48}},"line":14},"7":{"name":"(anonymous_7)","decl":{"start":{"line":15,"column":30},"end":{"line":15,"column":31}},"loc":{"start":{"line":15,"column":46},"end":{"line":15,"column":57}},"line":15},"8":{"name":"(anonymous_8)","decl":{"start":{"line":19,"column":32},"end":{"line":19,"column":33}},"loc":{"start":{"line":19,"column":40},"end":{"line":19,"column":76}},"line":19},"9":{"name":"(anonymous_9)","decl":{"start":{"line":21,"column":32},"end":{"line":21,"column":33}},"loc":{"start":{"line":22,"column":2},"end":{"line":22,"column":80}},"line":22},"10":{"name":"(anonymous_10)","decl":{"start":{"line":22,"column":38},"end":{"line":22,"column":39}},"loc":{"start":{"line":22,"column":54},"end":{"line":22,"column":73}},"line":22}},"branchMap":{},"s":{"0":1,"1":1,"2":1,"3":0,"4":1,"5":0,"6":1,"7":0,"8":1,"9":0,"10":1,"11":0,"12":0,"13":0,"14":0,"15":0,"16":1,"17":1,"18":1,"19":0,"20":0},"f":{"0":1,"1":0,"2":0,"3":0,"4":0,"5":0,"6":0,"7":0,"8":1,"9":0,"10":0},"b":{},"_coverageSchema":"332fd63041d2c1bcb487cc26dd0d5f7d97098a6c","hash":"9c15de20310419191addc9ec46cd0918d10cda13"}
,"/Users/leongaban/projects/Futuratum/moon.holdings/app/utils/modifiers.js": {"path":"/Users/leongaban/projects/Futuratum/moon.holdings/app/utils/modifiers.js","statementMap":{"0":{"start":{"line":10,"column":0},"end":{"line":12,"column":2}},"1":{"start":{"line":11,"column":2},"end":{"line":11,"column":77}},"2":{"start":{"line":11,"column":42},"end":{"line":11,"column":75}},"3":{"start":{"line":14,"column":30},"end":{"line":17,"column":1}},"4":{"start":{"line":15,"column":2},"end":{"line":15,"column":53}},"5":{"start":{"line":16,"column":2},"end":{"line":16,"column":14}},"6":{"start":{"line":19,"column":32},"end":{"line":24,"column":10}},"7":{"start":{"line":20,"column":2},"end":{"line":24,"column":10}},"8":{"start":{"line":26,"column":24},"end":{"line":32,"column":1}},"9":{"start":{"line":27,"column":2},"end":{"line":31,"column":3}},"10":{"start":{"line":28,"column":25},"end":{"line":28,"column":52}},"11":{"start":{"line":29,"column":15},"end":{"line":29,"column":32}},"12":{"start":{"line":30,"column":13},"end":{"line":30,"column":30}}},"fnMap":{"0":{"name":"(anonymous_0)","decl":{"start":{"line":10,"column":27},"end":{"line":10,"column":28}},"loc":{"start":{"line":10,"column":39},"end":{"line":12,"column":1}},"line":10},"1":{"name":"(anonymous_1)","decl":{"start":{"line":11,"column":36},"end":{"line":11,"column":37}},"loc":{"start":{"line":11,"column":42},"end":{"line":11,"column":75}},"line":11},"2":{"name":"(anonymous_2)","decl":{"start":{"line":14,"column":30},"end":{"line":14,"column":31}},"loc":{"start":{"line":14,"column":40},"end":{"line":17,"column":1}},"line":14},"3":{"name":"(anonymous_3)","decl":{"start":{"line":19,"column":32},"end":{"line":19,"column":33}},"loc":{"start":{"line":20,"column":2},"end":{"line":24,"column":10}},"line":20},"4":{"name":"(anonymous_4)","decl":{"start":{"line":26,"column":24},"end":{"line":26,"column":25}},"loc":{"start":{"line":26,"column":32},"end":{"line":32,"column":1}},"line":26}},"branchMap":{"0":{"loc":{"start":{"line":27,"column":2},"end":{"line":31,"column":3}},"type":"switch","locations":[{"start":{"line":28,"column":4},"end":{"line":28,"column":52}},{"start":{"line":29,"column":4},"end":{"line":29,"column":32}},{"start":{"line":30,"column":4},"end":{"line":30,"column":30}}],"line":27}},"s":{"0":1,"1":0,"2":0,"3":1,"4":0,"5":0,"6":1,"7":0,"8":1,"9":1,"10":0,"11":0,"12":1},"f":{"0":0,"1":0,"2":0,"3":0,"4":1},"b":{"0":[0,0,1]},"_coverageSchema":"332fd63041d2c1bcb487cc26dd0d5f7d97098a6c","hash":"5118fd8abf40aa022cd66b0629bc2cb16cc1fd30"}
,"/Users/leongaban/projects/Futuratum/moon.holdings/app/utils/tests.js": {"path":"/Users/leongaban/projects/Futuratum/moon.holdings/app/utils/tests.js","statementMap":{"0":{"start":{"line":6,"column":0},"end":{"line":6,"column":38}},"1":{"start":{"line":19,"column":40},"end":{"line":29,"column":1}},"2":{"start":{"line":20,"column":2},"end":{"line":28,"column":5}},"3":{"start":{"line":21,"column":20},"end":{"line":21,"column":53}},"4":{"start":{"line":23,"column":4},"end":{"line":27,"column":7}},"5":{"start":{"line":24,"column":19},"end":{"line":24,"column":34}},"6":{"start":{"line":25,"column":6},"end":{"line":25,"column":37}},"7":{"start":{"line":26,"column":6},"end":{"line":26,"column":38}},"8":{"start":{"line":31,"column":35},"end":{"line":32,"column":35}},"9":{"start":{"line":32,"column":2},"end":{"line":32,"column":35}}},"fnMap":{"0":{"name":"(anonymous_0)","decl":{"start":{"line":19,"column":40},"end":{"line":19,"column":41}},"loc":{"start":{"line":19,"column":62},"end":{"line":29,"column":1}},"line":19},"1":{"name":"(anonymous_1)","decl":{"start":{"line":20,"column":29},"end":{"line":20,"column":30}},"loc":{"start":{"line":20,"column":35},"end":{"line":28,"column":3}},"line":20},"2":{"name":"(anonymous_2)","decl":{"start":{"line":23,"column":58},"end":{"line":23,"column":59}},"loc":{"start":{"line":23,"column":64},"end":{"line":27,"column":5}},"line":23},"3":{"name":"(anonymous_3)","decl":{"start":{"line":31,"column":35},"end":{"line":31,"column":36}},"loc":{"start":{"line":32,"column":2},"end":{"line":32,"column":35}},"line":32}},"branchMap":{},"s":{"0":1,"1":1,"2":1,"3":1,"4":1,"5":1,"6":1,"7":1,"8":1,"9":0},"f":{"0":1,"1":1,"2":1,"3":0},"b":{},"_coverageSchema":"332fd63041d2c1bcb487cc26dd0d5f7d97098a6c","hash":"6a6874ba16337a59f2ec5c025db3c08829bc4884"}
}
