TN:
SF:/Users/leongaban/projects/Futuratum/moon.holdings/app/components/Squares/square.js
FN:7,(anonymous_0)
FNF:1
FNH:1
FNDA:1,(anonymous_0)
DA:8,1
LF:1
LH:1
BRF:0
BRH:0
end_of_record
TN:
SF:/Users/leongaban/projects/Futuratum/moon.holdings/app/styles/coins.js
FNF:0
FNH:0
DA:1,1
DA:6,1
DA:11,1
DA:16,1
DA:21,1
DA:26,1
DA:31,1
DA:36,1
DA:41,1
DA:46,1
DA:51,1
DA:56,1
DA:61,1
DA:66,1
DA:71,1
DA:76,1
DA:81,1
DA:86,1
DA:91,1
DA:96,1
DA:101,1
DA:106,1
DA:111,1
DA:116,1
DA:121,1
DA:126,1
DA:131,1
DA:136,1
DA:141,1
DA:146,1
DA:151,1
DA:156,1
DA:161,1
DA:166,1
DA:171,1
DA:176,1
DA:181,1
DA:186,1
DA:191,1
DA:196,1
DA:201,1
DA:206,1
DA:211,1
DA:216,1
DA:221,1
DA:226,1
DA:231,1
DA:236,1
DA:241,1
DA:246,1
DA:251,1
DA:256,1
DA:261,1
DA:266,1
DA:271,1
DA:276,1
DA:281,1
DA:286,1
DA:291,1
DA:296,1
DA:301,1
DA:306,1
DA:311,1
DA:316,1
DA:321,1
DA:326,1
DA:331,1
DA:336,1
DA:341,1
DA:346,1
DA:351,1
DA:356,1
DA:361,1
DA:366,1
DA:371,1
DA:376,1
DA:381,1
DA:386,1
DA:391,1
DA:396,1
DA:401,1
DA:406,1
DA:411,1
DA:416,1
DA:421,1
DA:426,1
DA:431,1
DA:436,1
DA:441,1
DA:446,1
DA:451,1
DA:456,1
DA:461,1
DA:466,1
DA:471,1
DA:476,1
DA:481,1
DA:486,1
DA:491,1
DA:496,1
LF:100
LH:100
BRF:0
BRH:0
end_of_record
TN:
SF:/Users/leongaban/projects/Futuratum/moon.holdings/app/utils/math.js
FN:2,(anonymous_0)
FN:5,(anonymous_1)
FN:7,(anonymous_2)
FN:9,(anonymous_3)
FN:11,(anonymous_4)
FN:13,(anonymous_5)
FN:14,(anonymous_6)
FN:15,(anonymous_7)
FN:19,(anonymous_8)
FN:21,(anonymous_9)
FN:22,(anonymous_10)
FNF:11
FNH:2
FNDA:1,(anonymous_0)
FNDA:0,(anonymous_1)
FNDA:0,(anonymous_2)
FNDA:0,(anonymous_3)
FNDA:0,(anonymous_4)
FNDA:0,(anonymous_5)
FNDA:0,(anonymous_6)
FNDA:0,(anonymous_7)
FNDA:1,(anonymous_8)
FNDA:0,(anonymous_9)
FNDA:0,(anonymous_10)
DA:2,1
DA:5,1
DA:7,1
DA:9,1
DA:11,1
DA:13,1
DA:14,0
DA:15,0
DA:16,0
DA:19,1
DA:21,1
DA:22,0
LF:12
LH:8
BRF:0
BRH:0
end_of_record
TN:
SF:/Users/leongaban/projects/Futuratum/moon.holdings/app/utils/modifiers.js
FN:10,(anonymous_0)
FN:11,(anonymous_1)
FN:14,(anonymous_2)
FN:19,(anonymous_3)
FN:26,(anonymous_4)
FNF:5
FNH:1
FNDA:0,(anonymous_0)
FNDA:0,(anonymous_1)
FNDA:0,(anonymous_2)
FNDA:0,(anonymous_3)
FNDA:1,(anonymous_4)
DA:10,1
DA:11,0
DA:14,1
DA:15,0
DA:16,0
DA:19,1
DA:20,0
DA:26,1
DA:27,1
DA:28,0
DA:29,0
DA:30,1
LF:12
LH:6
BRDA:27,0,0,0
BRDA:27,0,1,0
BRDA:27,0,2,1
BRF:3
BRH:1
end_of_record
TN:
SF:/Users/leongaban/projects/Futuratum/moon.holdings/app/utils/tests.js
FN:19,(anonymous_0)
FN:20,(anonymous_1)
FN:23,(anonymous_2)
FN:31,(anonymous_3)
FNF:4
FNH:3
FNDA:1,(anonymous_0)
FNDA:1,(anonymous_1)
FNDA:1,(anonymous_2)
FNDA:0,(anonymous_3)
DA:6,1
DA:19,1
DA:20,1
DA:21,1
DA:23,1
DA:24,1
DA:25,1
DA:26,1
DA:31,1
DA:32,0
LF:10
LH:9
BRF:0
BRH:0
end_of_record
